<?xml version="1.0" encoding="UTF-8"?>
<!-- Generated by org.testng.reporters.JUnitReportReporter -->
<testsuite hostname="DESKTOP-QSKIPA7" failures="0" tests="2" name="mavenproj.maven1java.test3" time="0.005" errors="0" timestamp="2021-01-21T15:56:54 IST" skipped="0">
  <testcase classname="mavenproj.maven1java.test3" name="NativeappAndroid" time="0.001"/>
  <system-out/>
  <testcase classname="mavenproj.maven1java.test3" name="IosApps" time="0.004"/>
  <system-out/>
</testsuite> <!-- mavenproj.maven1java.test3 -->
