<?xml version="1.0" encoding="UTF-8"?>
<!-- Generated by org.testng.reporters.JUnitReportReporter -->
<testsuite hostname="DESKTOP-QSKIPA7" failures="0" tests="2" name="mavenproj.maven1java.truetest" time="0.000" errors="0" timestamp="2021-01-24T22:56:58 IST" skipped="0">
  <testcase classname="mavenproj.maven1java.truetest" name="IosApps" time="0.000"/>
  <system-out/>
  <testcase classname="mavenproj.maven1java.truetest" name="NativeappAndroid" time="0.000"/>
  <system-out/>
</testsuite> <!-- mavenproj.maven1java.truetest -->
